# JRE version: Java(TM) SE Runtime Environment (8.0_51-b16) (build 1.8.0_51-b16)
# Java VM: Java HotSpot(TM) 64-Bit Server VM (25.51-b03 mixed mode windows-amd64 compressed oops)
Heap:
 PSYoungGen      total 710656K, used 415287K [0x000000076ab00000, 0x00000007ae800000, 0x00000007c0000000)
  eden space 381952K, 54% used [0x000000076ab00000,0x00000007775bc5c0,0x0000000782000000)
  from space 328704K, 63% used [0x0000000782000000,0x000000078ead1700,0x0000000796100000)
  to   space 343552K, 0% used [0x0000000799880000,0x0000000799880000,0x00000007ae800000)
 ParOldGen       total 813568K, used 555199K [0x00000006c0000000, 0x00000006f1a80000, 0x000000076ab00000)
  object space 813568K, 68% used [0x00000006c0000000,0x00000006e1e2fda8,0x00000006f1a80000)
 Metaspace       used 6877K, capacity 7320K, committed 7680K, reserved 1056768K
  class space    used 645K, capacity 656K, committed 768K, reserved 1048576K
GC Heap History (10 events):
Event: 71.696 GC heap before
{Heap before GC invocations=26 (full 4):
 PSYoungGen      total 586752K, used 563208K [0x000000076ab00000, 0x000000079e880000, 0x00000007c0000000)
  eden space 399872K, 100% used [0x000000076ab00000,0x0000000783180000,0x0000000783180000)
  from space 186880K, 87% used [0x0000000783180000,0x000000078d102190,0x000000078e800000)
  to   space 209408K, 0% used [0x0000000791c00000,0x0000000791c00000,0x000000079e880000)
 ParOldGen       total 551936K, used 432615K [0x00000006c0000000, 0x00000006e1b00000, 0x000000076ab00000)
  object space 551936K, 78% used [0x00000006c0000000,0x00000006da679c08,0x00000006e1b00000)
 Metaspace       used 6875K, capacity 7320K, committed 7680K, reserved 1056768K
  class space    used 645K, capacity 656K, committed 768K, reserved 1048576K
Event: 71.824 GC heap after
Heap after GC invocations=26 (full 4):
 PSYoungGen      total 610304K, used 195666K [0x000000076ab00000, 0x00000007a2180000, 0x00000007c0000000)
  eden space 400896K, 0% used [0x000000076ab00000,0x000000076ab00000,0x0000000783280000)
  from space 209408K, 93% used [0x0000000791c00000,0x000000079db148c8,0x000000079e880000)
  to   space 239104K, 0% used [0x0000000783280000,0x0000000783280000,0x0000000791c00000)
 ParOldGen       total 551936K, used 432615K [0x00000006c0000000, 0x00000006e1b00000, 0x000000076ab00000)
  object space 551936K, 78% used [0x00000006c0000000,0x00000006da679c08,0x00000006e1b00000)
 Metaspace       used 6875K, capacity 7320K, committed 7680K, reserved 1056768K
  class space    used 645K, capacity 656K, committed 768K, reserved 1048576K
}
Event: 72.971 GC heap before
{Heap before GC invocations=27 (full 4):
 PSYoungGen      total 610304K, used 596562K [0x000000076ab00000, 0x00000007a2180000, 0x00000007c0000000)
  eden space 400896K, 100% used [0x000000076ab00000,0x0000000783280000,0x0000000783280000)
  from space 209408K, 93% used [0x0000000791c00000,0x000000079db148c8,0x000000079e880000)
  to   space 239104K, 0% used [0x0000000783280000,0x0000000783280000,0x0000000791c00000)
 ParOldGen       total 551936K, used 432615K [0x00000006c0000000, 0x00000006e1b00000, 0x000000076ab00000)
  object space 551936K, 78% used [0x00000006c0000000,0x00000006da679c08,0x00000006e1b00000)
 Metaspace       used 6876K, capacity 7320K, committed 7680K, reserved 1056768K
  class space    used 645K, capacity 656K, committed 768K, reserved 1048576K
Event: 73.105 GC heap after
Heap after GC invocations=27 (full 4):
 PSYoungGen      total 640000K, used 231546K [0x000000076ab00000, 0x00000007a6e80000, 0x00000007c0000000)
  eden space 400896K, 0% used [0x000000076ab00000,0x000000076ab00000,0x0000000783280000)
  from space 239104K, 96% used [0x0000000783280000,0x000000079149ea60,0x0000000791c00000)
  to   space 275968K, 0% used [0x0000000796100000,0x0000000796100000,0x00000007a6e80000)
 ParOldGen       total 551936K, used 432615K [0x00000006c0000000, 0x00000006e1b00000, 0x000000076ab00000)
  object space 551936K, 78% used [0x00000006c0000000,0x00000006da679c08,0x00000006e1b00000)
 Metaspace       used 6876K, capacity 7320K, committed 7680K, reserved 1056768K
  class space    used 645K, capacity 656K, committed 768K, reserved 1048576K
}
Event: 73.859 GC heap before
{Heap before GC invocations=28 (full 4):
 PSYoungGen      total 640000K, used 632442K [0x000000076ab00000, 0x00000007a6e80000, 0x00000007c0000000)
  eden space 400896K, 100% used [0x000000076ab00000,0x0000000783280000,0x0000000783280000)
  from space 239104K, 96% used [0x0000000783280000,0x000000079149ea60,0x0000000791c00000)
  to   space 275968K, 0% used [0x0000000796100000,0x0000000796100000,0x00000007a6e80000)
 ParOldGen       total 551936K, used 432615K [0x00000006c0000000, 0x00000006e1b00000, 0x000000076ab00000)
  object space 551936K, 78% used [0x00000006c0000000,0x00000006da679c08,0x00000006e1b00000)
 Metaspace       used 6877K, capacity 7320K, committed 7680K, reserved 1056768K
  class space    used 645K, capacity 656K, committed 768K, reserved 1048576K
Event: 74.029 GC heap after
Heap after GC invocations=28 (full 4):
 PSYoungGen      total 657920K, used 275947K [0x000000076ab00000, 0x00000007adf00000, 0x00000007c0000000)
  eden space 381952K, 0% used [0x000000076ab00000,0x000000076ab00000,0x0000000782000000)
  from space 275968K, 99% used [0x0000000796100000,0x00000007a6e7af18,0x00000007a6e80000)
  to   space 328704K, 0% used [0x0000000782000000,0x0000000782000000,0x0000000796100000)
 ParOldGen       total 551936K, used 450673K [0x00000006c0000000, 0x00000006e1b00000, 0x000000076ab00000)
  object space 551936K, 81% used [0x00000006c0000000,0x00000006db81c798,0x00000006e1b00000)
 Metaspace       used 6877K, capacity 7320K, committed 7680K, reserved 1056768K
  class space    used 645K, capacity 656K, committed 768K, reserved 1048576K
}
Event: 74.461 GC heap before
{Heap before GC invocations=29 (full 4):
 PSYoungGen      total 657920K, used 657899K [0x000000076ab00000, 0x00000007adf00000, 0x00000007c0000000)
  eden space 381952K, 100% used [0x000000076ab00000,0x0000000782000000,0x0000000782000000)
  from space 275968K, 99% used [0x0000000796100000,0x00000007a6e7af18,0x00000007a6e80000)
  to   space 328704K, 0% used [0x0000000782000000,0x0000000782000000,0x0000000796100000)
 ParOldGen       total 551936K, used 450673K [0x00000006c0000000, 0x00000006e1b00000, 0x000000076ab00000)
  object space 551936K, 81% used [0x00000006c0000000,0x00000006db81c798,0x00000006e1b00000)
 Metaspace       used 6877K, capacity 7320K, committed 7680K, reserved 1056768K
  class space    used 645K, capacity 656K, committed 768K, reserved 1048576K
Event: 74.672 GC heap after
Heap after GC invocations=29 (full 4):
 PSYoungGen      total 710656K, used 219782K [0x000000076ab00000, 0x00000007ae800000, 0x00000007c0000000)
  eden space 381952K, 0% used [0x000000076ab00000,0x000000076ab00000,0x0000000782000000)
  from space 328704K, 66% used [0x0000000782000000,0x000000078f6a19c8,0x0000000796100000)
  to   space 343552K, 0% used [0x0000000799880000,0x0000000799880000,0x00000007ae800000)
 ParOldGen       total 555520K, used 555393K [0x00000006c0000000, 0x00000006e1e80000, 0x000000076ab00000)
  object space 555520K, 99% used [0x00000006c0000000,0x00000006e1e60698,0x00000006e1e80000)
 Metaspace       used 6877K, capacity 7320K, committed 7680K, reserved 1056768K
  class space    used 645K, capacity 656K, committed 768K, reserved 1048576K
}
Event: 74.672 GC heap before
{Heap before GC invocations=30 (full 5):
 PSYoungGen      total 710656K, used 219782K [0x000000076ab00000, 0x00000007ae800000, 0x00000007c0000000)
  eden space 381952K, 0% used [0x000000076ab00000,0x000000076ab00000,0x0000000782000000)
  from space 328704K, 66% used [0x0000000782000000,0x000000078f6a19c8,0x0000000796100000)
  to   space 343552K, 0% used [0x0000000799880000,0x0000000799880000,0x00000007ae800000)
 ParOldGen       total 555520K, used 555393K [0x00000006c0000000, 0x00000006e1e80000, 0x000000076ab00000)
  object space 555520K, 99% used [0x00000006c0000000,0x00000006e1e60698,0x00000006e1e80000)
 Metaspace       used 6877K, capacity 7320K, committed 7680K, reserved 1056768K
  class space    used 645K, capacity 656K, committed 768K, reserved 1048576K
Event: 78.624 GC heap after
Heap after GC invocations=30 (full 5):
 PSYoungGen      total 710656K, used 207685K [0x000000076ab00000, 0x00000007ae800000, 0x00000007c0000000)
  eden space 381952K, 0% used [0x000000076ab00000,0x000000076ab00000,0x0000000782000000)
  from space 328704K, 63% used [0x0000000782000000,0x000000078ead1700,0x0000000796100000)
  to   space 343552K, 0% used [0x0000000799880000,0x0000000799880000,0x00000007ae800000)
 ParOldGen       total 813568K, used 555199K [0x00000006c0000000, 0x00000006f1a80000, 0x000000076ab00000)
  object space 813568K, 68% used [0x00000006c0000000,0x00000006e1e2fda8,0x00000006f1a80000)
 Metaspace       used 6877K, capacity 7320K, committed 7680K, reserved 1056768K
  class space    used 645K, capacity 656K, committed 768K, reserved 1048576K
}

