# JRE version: Java(TM) SE Runtime Environment (8.0_51-b16) (build 1.8.0_51-b16)
# Java VM: Java HotSpot(TM) 64-Bit Server VM (25.51-b03 mixed mode windows-amd64 compressed oops)
Heap:
 PSYoungGen      total 673792K, used 382449K [0x000000076ab00000, 0x00000007a3100000, 0x00000007c0000000)
  eden space 493568K, 50% used [0x000000076ab00000,0x0000000779edf5b0,0x0000000788d00000)
  from space 180224K, 73% used [0x0000000788d00000,0x0000000790e9d168,0x0000000793d00000)
  to   space 190976K, 0% used [0x0000000797680000,0x0000000797680000,0x00000007a3100000)
 ParOldGen       total 841728K, used 573955K [0x00000006c0000000, 0x00000006f3600000, 0x000000076ab00000)
  object space 841728K, 68% used [0x00000006c0000000,0x00000006e3080d80,0x00000006f3600000)
 Metaspace       used 6898K, capacity 7384K, committed 7680K, reserved 1056768K
  class space    used 645K, capacity 656K, committed 768K, reserved 1048576K
GC Heap History (10 events):
Event: 27.112 GC heap before
{Heap before GC invocations=24 (full 4):
 PSYoungGen      total 535040K, used 535015K [0x000000076ab00000, 0x0000000798180000, 0x00000007c0000000)
  eden space 421888K, 100% used [0x000000076ab00000,0x0000000784700000,0x0000000784700000)
  from space 113152K, 99% used [0x0000000784700000,0x000000078b579e90,0x000000078b580000)
  to   space 143360K, 0% used [0x000000078f580000,0x000000078f580000,0x0000000798180000)
 ParOldGen       total 542208K, used 382293K [0x00000006c0000000, 0x00000006e1180000, 0x000000076ab00000)
  object space 542208K, 70% used [0x00000006c0000000,0x00000006d7555718,0x00000006e1180000)
 Metaspace       used 6895K, capacity 7384K, committed 7680K, reserved 1056768K
  class space    used 645K, capacity 656K, committed 768K, reserved 1048576K
Event: 27.265 GC heap after
Heap after GC invocations=24 (full 4):
 PSYoungGen      total 583680K, used 125802K [0x000000076ab00000, 0x000000079b780000, 0x00000007c0000000)
  eden space 440320K, 0% used [0x000000076ab00000,0x000000076ab00000,0x0000000785900000)
  from space 143360K, 87% used [0x000000078f580000,0x000000079705ab08,0x0000000798180000)
  to   space 160256K, 0% used [0x0000000785900000,0x0000000785900000,0x000000078f580000)
 ParOldGen       total 542208K, used 439371K [0x00000006c0000000, 0x00000006e1180000, 0x000000076ab00000)
  object space 542208K, 81% used [0x00000006c0000000,0x00000006dad12d38,0x00000006e1180000)
 Metaspace       used 6895K, capacity 7384K, committed 7680K, reserved 1056768K
  class space    used 645K, capacity 656K, committed 768K, reserved 1048576K
}
Event: 29.637 GC heap before
{Heap before GC invocations=25 (full 4):
 PSYoungGen      total 583680K, used 566122K [0x000000076ab00000, 0x000000079b780000, 0x00000007c0000000)
  eden space 440320K, 100% used [0x000000076ab00000,0x0000000785900000,0x0000000785900000)
  from space 143360K, 87% used [0x000000078f580000,0x000000079705ab08,0x0000000798180000)
  to   space 160256K, 0% used [0x0000000785900000,0x0000000785900000,0x000000078f580000)
 ParOldGen       total 542208K, used 439371K [0x00000006c0000000, 0x00000006e1180000, 0x000000076ab00000)
  object space 542208K, 81% used [0x00000006c0000000,0x00000006dad12d38,0x00000006e1180000)
 Metaspace       used 6896K, capacity 7384K, committed 7680K, reserved 1056768K
  class space    used 645K, capacity 656K, committed 768K, reserved 1048576K
Event: 29.744 GC heap after
Heap after GC invocations=25 (full 4):
 PSYoungGen      total 600576K, used 160240K [0x000000076ab00000, 0x00000007a0400000, 0x00000007c0000000)
  eden space 440320K, 0% used [0x000000076ab00000,0x000000076ab00000,0x0000000785900000)
  from space 160256K, 99% used [0x0000000785900000,0x000000078f57c368,0x000000078f580000)
  to   space 192000K, 0% used [0x0000000794880000,0x0000000794880000,0x00000007a0400000)
 ParOldGen       total 542208K, used 453895K [0x00000006c0000000, 0x00000006e1180000, 0x000000076ab00000)
  object space 542208K, 83% used [0x00000006c0000000,0x00000006dbb41d90,0x00000006e1180000)
 Metaspace       used 6896K, capacity 7384K, committed 7680K, reserved 1056768K
  class space    used 645K, capacity 656K, committed 768K, reserved 1048576K
}
Event: 31.147 GC heap before
{Heap before GC invocations=26 (full 4):
 PSYoungGen      total 600576K, used 600560K [0x000000076ab00000, 0x00000007a0400000, 0x00000007c0000000)
  eden space 440320K, 100% used [0x000000076ab00000,0x0000000785900000,0x0000000785900000)
  from space 160256K, 99% used [0x0000000785900000,0x000000078f57c368,0x000000078f580000)
  to   space 192000K, 0% used [0x0000000794880000,0x0000000794880000,0x00000007a0400000)
 ParOldGen       total 542208K, used 453895K [0x00000006c0000000, 0x00000006e1180000, 0x000000076ab00000)
  object space 542208K, 83% used [0x00000006c0000000,0x00000006dbb41d90,0x00000006e1180000)
 Metaspace       used 6896K, capacity 7384K, committed 7680K, reserved 1056768K
  class space    used 645K, capacity 656K, committed 768K, reserved 1048576K
Event: 31.276 GC heap after
Heap after GC invocations=26 (full 4):
 PSYoungGen      total 662016K, used 74393K [0x000000076ab00000, 0x000000079ed00000, 0x00000007c0000000)
  eden space 493568K, 0% used [0x000000076ab00000,0x000000076ab00000,0x0000000788d00000)
  from space 168448K, 44% used [0x0000000794880000,0x0000000799126468,0x000000079ed00000)
  to   space 180224K, 0% used [0x0000000788d00000,0x0000000788d00000,0x0000000793d00000)
 ParOldGen       total 574464K, used 574187K [0x00000006c0000000, 0x00000006e3100000, 0x000000076ab00000)
  object space 574464K, 99% used [0x00000006c0000000,0x00000006e30bad10,0x00000006e3100000)
 Metaspace       used 6896K, capacity 7384K, committed 7680K, reserved 1056768K
  class space    used 645K, capacity 656K, committed 768K, reserved 1048576K
}
Event: 31.276 GC heap before
{Heap before GC invocations=27 (full 5):
 PSYoungGen      total 662016K, used 74393K [0x000000076ab00000, 0x000000079ed00000, 0x00000007c0000000)
  eden space 493568K, 0% used [0x000000076ab00000,0x000000076ab00000,0x0000000788d00000)
  from space 168448K, 44% used [0x0000000794880000,0x0000000799126468,0x000000079ed00000)
  to   space 180224K, 0% used [0x0000000788d00000,0x0000000788d00000,0x0000000793d00000)
 ParOldGen       total 574464K, used 574187K [0x00000006c0000000, 0x00000006e3100000, 0x000000076ab00000)
  object space 574464K, 99% used [0x00000006c0000000,0x00000006e30bad10,0x00000006e3100000)
 Metaspace       used 6896K, capacity 7384K, committed 7680K, reserved 1056768K
  class space    used 645K, capacity 656K, committed 768K, reserved 1048576K
Event: 35.505 GC heap after
Heap after GC invocations=27 (full 5):
 PSYoungGen      total 662016K, used 57150K [0x000000076ab00000, 0x000000079ed00000, 0x00000007c0000000)
  eden space 493568K, 0% used [0x000000076ab00000,0x000000076ab00000,0x0000000788d00000)
  from space 168448K, 33% used [0x0000000794880000,0x000000079804fa10,0x000000079ed00000)
  to   space 180224K, 0% used [0x0000000788d00000,0x0000000788d00000,0x0000000793d00000)
 ParOldGen       total 841728K, used 573955K [0x00000006c0000000, 0x00000006f3600000, 0x000000076ab00000)
  object space 841728K, 68% used [0x00000006c0000000,0x00000006e3080d80,0x00000006f3600000)
 Metaspace       used 6896K, capacity 7384K, committed 7680K, reserved 1056768K
  class space    used 645K, capacity 656K, committed 768K, reserved 1048576K
}
Event: 36.282 GC heap before
{Heap before GC invocations=28 (full 5):
 PSYoungGen      total 662016K, used 550718K [0x000000076ab00000, 0x000000079ed00000, 0x00000007c0000000)
  eden space 493568K, 100% used [0x000000076ab00000,0x0000000788d00000,0x0000000788d00000)
  from space 168448K, 33% used [0x0000000794880000,0x000000079804fa10,0x000000079ed00000)
  to   space 180224K, 0% used [0x0000000788d00000,0x0000000788d00000,0x0000000793d00000)
 ParOldGen       total 841728K, used 573955K [0x00000006c0000000, 0x00000006f3600000, 0x000000076ab00000)
  object space 841728K, 68% used [0x00000006c0000000,0x00000006e3080d80,0x00000006f3600000)
 Metaspace       used 6897K, capacity 7384K, committed 7680K, reserved 1056768K
  class space    used 645K, capacity 656K, committed 768K, reserved 1048576K
Event: 36.498 GC heap after
Heap after GC invocations=28 (full 5):
 PSYoungGen      total 673792K, used 132724K [0x000000076ab00000, 0x00000007a3100000, 0x00000007c0000000)
  eden space 493568K, 0% used [0x000000076ab00000,0x000000076ab00000,0x0000000788d00000)
  from space 180224K, 73% used [0x0000000788d00000,0x0000000790e9d168,0x0000000793d00000)
  to   space 190976K, 0% used [0x0000000797680000,0x0000000797680000,0x00000007a3100000)
 ParOldGen       total 841728K, used 573955K [0x00000006c0000000, 0x00000006f3600000, 0x000000076ab00000)
  object space 841728K, 68% used [0x00000006c0000000,0x00000006e3080d80,0x00000006f3600000)
 Metaspace       used 6897K, capacity 7384K, committed 7680K, reserved 1056768K
  class space    used 645K, capacity 656K, committed 768K, reserved 1048576K
}

